[INFO] Scanning for projects...
[INFO] 
[INFO] ------------------< com.nutrifybe:nutrifybe-backend >-------------------
[INFO] Building nutrifybe-backend 1.0.0
[INFO]   from pom.xml
[INFO] --------------------------------[ jar ]---------------------------------
[INFO] 
[INFO] >>> spring-boot:3.2.0:run (default-cli) > test-compile @ nutrifybe-backend >>>
[INFO] 
[INFO] --- resources:3.3.1:resources (default-resources) @ nutrifybe-backend ---
[INFO] Copying 1 resource from src/main/resources to target/classes
[INFO] Copying 0 resource from src/main/resources to target/classes
[INFO] 
[INFO] --- compiler:3.11.0:compile (default-compile) @ nutrifybe-backend ---
[INFO] Changes detected - recompiling the module! :source
[INFO] Compiling 22 source files with javac [debug release 17] to target/classes
[WARNING] /workspaces/Nutrifybe_Site_TCC/nutrifybe-backend/src/main/java/com/nutrifybe/config/SecurityConfig.java:[16,13] cors() in org.springframework.security.config.annotation.web.builders.HttpSecurity has been deprecated and marked for removal
[WARNING] /workspaces/Nutrifybe_Site_TCC/nutrifybe-backend/src/main/java/com/nutrifybe/config/SecurityConfig.java:[16,20] and() in org.springframework.security.config.annotation.SecurityConfigurerAdapter has been deprecated and marked for removal
[WARNING] /workspaces/Nutrifybe_Site_TCC/nutrifybe-backend/src/main/java/com/nutrifybe/config/SecurityConfig.java:[17,13] csrf() in org.springframework.security.config.annotation.web.builders.HttpSecurity has been deprecated and marked for removal
[INFO] 
[INFO] --- resources:3.3.1:testResources (default-testResources) @ nutrifybe-backend ---
[INFO] skip non existing resourceDirectory /workspaces/Nutrifybe_Site_TCC/nutrifybe-backend/src/test/resources
[INFO] 
[INFO] --- compiler:3.11.0:testCompile (default-testCompile) @ nutrifybe-backend ---
[INFO] No sources to compile
[INFO] 
[INFO] <<< spring-boot:3.2.0:run (default-cli) < test-compile @ nutrifybe-backend <<<
[INFO] 
[INFO] 
[INFO] --- spring-boot:3.2.0:run (default-cli) @ nutrifybe-backend ---
[INFO] Attaching agents: []

  .   ____          _            __ _ _
 /\\ / ___'_ __ _ _(_)_ __  __ _ \ \ \ \
( ( )\___ | '_ | '_| | '_ \/ _` | \ \ \ \
 \\/  ___)| |_)| | | | | || (_| |  ) ) ) )
  '  |____| .__|_| |_|_| |_\__, | / / / /
 =========|_|==============|___/=/_/_/_/
 :: Spring Boot ::                (v3.2.0)

2025-10-16T19:43:51.261Z  INFO 17184 --- [           main] com.nutrifybe.NutrifybeApplication       : Starting NutrifybeApplication using Java 21.0.7 with PID 17184 (/workspaces/Nutrifybe_Site_TCC/nutrifybe-backend/target/classes started by codespace in /workspaces/Nutrifybe_Site_TCC/nutrifybe-backend)
2025-10-16T19:43:51.266Z  INFO 17184 --- [           main] com.nutrifybe.NutrifybeApplication       : No active profile set, falling back to 1 default profile: "default"
2025-10-16T19:43:51.985Z  INFO 17184 --- [           main] .s.d.r.c.RepositoryConfigurationDelegate : Bootstrapping Spring Data JPA repositories in DEFAULT mode.
2025-10-16T19:43:52.058Z  INFO 17184 --- [           main] .s.d.r.c.RepositoryConfigurationDelegate : Finished Spring Data repository scanning in 66 ms. Found 5 JPA repository interfaces.
2025-10-16T19:43:52.515Z  INFO 17184 --- [           main] o.s.b.w.embedded.tomcat.TomcatWebServer  : Tomcat initialized with port 8081 (http)
2025-10-16T19:43:52.522Z  INFO 17184 --- [           main] o.apache.catalina.core.StandardService   : Starting service [Tomcat]
2025-10-16T19:43:52.522Z  INFO 17184 --- [           main] o.apache.catalina.core.StandardEngine    : Starting Servlet engine: [Apache Tomcat/10.1.16]
2025-10-16T19:43:52.559Z  INFO 17184 --- [           main] o.a.c.c.C.[Tomcat].[localhost].[/]       : Initializing Spring embedded WebApplicationContext
2025-10-16T19:43:52.560Z  INFO 17184 --- [           main] w.s.c.ServletWebServerApplicationContext : Root WebApplicationContext: initialization completed in 1243 ms
2025-10-16T19:43:52.740Z  INFO 17184 --- [           main] o.hibernate.jpa.internal.util.LogHelper  : HHH000204: Processing PersistenceUnitInfo [name: default]
2025-10-16T19:43:52.772Z  INFO 17184 --- [           main] org.hibernate.Version                    : HHH000412: Hibernate ORM core version 6.3.1.Final
2025-10-16T19:43:52.792Z  INFO 17184 --- [           main] o.h.c.internal.RegionFactoryInitiator    : HHH000026: Second-level cache disabled
2025-10-16T19:43:52.965Z  INFO 17184 --- [           main] o.s.o.j.p.SpringPersistenceUnitInfo      : No LoadTimeWeaver setup: ignoring JPA class transformer
2025-10-16T19:43:52.989Z  INFO 17184 --- [           main] com.zaxxer.hikari.HikariDataSource       : HikariPool-1 - Starting...
2025-10-16T19:43:53.516Z  INFO 17184 --- [           main] com.zaxxer.hikari.pool.HikariPool        : HikariPool-1 - Added connection ConnectionID:1 ClientConnectionId: ddc9e3f4-98f6-4735-aa1f-27126c784619
2025-10-16T19:43:53.517Z  INFO 17184 --- [           main] com.zaxxer.hikari.HikariDataSource       : HikariPool-1 - Start completed.
2025-10-16T19:43:53.536Z  WARN 17184 --- [           main] org.hibernate.orm.deprecation            : HHH90000025: SQLServerDialect does not need to be specified explicitly using 'hibernate.dialect' (remove the property setting and it will be selected by default)
2025-10-16T19:43:54.322Z  INFO 17184 --- [           main] o.h.e.t.j.p.i.JtaPlatformInitiator       : HHH000489: No JTA platform available (set 'hibernate.transaction.jta.platform' to enable JTA platform integration)
2025-10-16T19:43:54.642Z  INFO 17184 --- [           main] j.LocalContainerEntityManagerFactoryBean : Initialized JPA EntityManagerFactory for persistence unit 'default'
2025-10-16T19:43:55.156Z  WARN 17184 --- [           main] JpaBaseConfiguration$JpaWebConfiguration : spring.jpa.open-in-view is enabled by default. Therefore, database queries may be performed during view rendering. Explicitly configure spring.jpa.open-in-view to disable this warning
2025-10-16T19:43:55.169Z  WARN 17184 --- [           main] .s.s.UserDetailsServiceAutoConfiguration : 

Using generated security password: 4e4f2fd6-70f7-4d4e-8743-2975b5f8adf7

This generated password is for development use only. Your security configuration must be updated before running your application in production.

2025-10-16T19:43:55.233Z  INFO 17184 --- [           main] o.s.s.web.DefaultSecurityFilterChain     : Will secure any request with [org.springframework.security.web.session.DisableEncodeUrlFilter@6f9b5f01, org.springframework.security.web.context.request.async.WebAsyncManagerIntegrationFilter@6859bbd4, org.springframework.security.web.context.SecurityContextHolderFilter@32d8e58d, org.springframework.security.web.header.HeaderWriterFilter@6892d403, org.springframework.web.filter.CorsFilter@4a225014, org.springframework.security.web.authentication.logout.LogoutFilter@1acfc058, org.springframework.security.web.savedrequest.RequestCacheAwareFilter@5248c05a, org.springframework.security.web.servletapi.SecurityContextHolderAwareRequestFilter@151f1734, org.springframework.security.web.authentication.AnonymousAuthenticationFilter@7d836c4a, org.springframework.security.web.access.ExceptionTranslationFilter@1e37cb10, org.springframework.security.web.access.intercept.AuthorizationFilter@2c257c0a]
2025-10-16T19:43:55.588Z  INFO 17184 --- [           main] o.s.b.w.embedded.tomcat.TomcatWebServer  : Tomcat started on port 8081 (http) with context path ''
2025-10-16T19:43:55.595Z  INFO 17184 --- [           main] com.nutrifybe.NutrifybeApplication       : Started NutrifybeApplication in 4.652 seconds (process running for 5.138)
2025-10-16T19:44:03.862Z  INFO 17184 --- [nio-8081-exec-1] o.a.c.c.C.[Tomcat].[localhost].[/]       : Initializing Spring DispatcherServlet 'dispatcherServlet'
2025-10-16T19:44:03.862Z  INFO 17184 --- [nio-8081-exec-1] o.s.web.servlet.DispatcherServlet        : Initializing Servlet 'dispatcherServlet'
2025-10-16T19:44:03.863Z  INFO 17184 --- [nio-8081-exec-1] o.s.web.servlet.DispatcherServlet        : Completed initialization in 1 ms
Hibernate: select n1_0.id,n1_0.ativo,n1_0.crn,n1_0.data_criacao,n1_0.email,n1_0.especialidade,n1_0.foto,n1_0.nome,n1_0.senha,n1_0.status,n1_0.telefone from nutricionistas n1_0
Hibernate: select a1_0.id,a1_0.data_criacao,a1_0.email,a1_0.foto,a1_0.nome,a1_0.senha from admin a1_0 where a1_0.email=?
Hibernate: insert into nutricionistas (ativo,crn,data_criacao,email,especialidade,foto,nome,senha,status,telefone) values (?,?,?,?,?,?,?,?,?,?)
2025-10-16T19:46:56.913Z  INFO 17184 --- [ionShutdownHook] j.LocalContainerEntityManagerFactoryBean : Closing JPA EntityManagerFactory for persistence unit 'default'
2025-10-16T19:46:56.915Z  INFO 17184 --- [ionShutdownHook] com.zaxxer.hikari.HikariDataSource       : HikariPool-1 - Shutdown initiated...
2025-10-16T19:46:56.918Z  INFO 17184 --- [ionShutdownHook] com.zaxxer.hikari.HikariDataSource       : HikariPool-1 - Shutdown completed.
[INFO] ------------------------------------------------------------------------
[INFO] BUILD FAILURE
[INFO] ------------------------------------------------------------------------
[INFO] Total time:  03:10 min